ENTRY - updateRing
ENTRY - getMembershipList
ENTRY - checkMessages
ENTRY - updateRing
ENTRY - getMembershipList
ENTRY - checkMessages
ENTRY - updateRing
ENTRY - getMembershipList
ENTRY - checkMessages
ENTRY - updateRing
ENTRY - getMembershipList
ENTRY - checkMessages
ENTRY - updateRing
ENTRY - getMembershipList
ENTRY - checkMessages
ENTRY - updateRing
ENTRY - getMembershipList
ENTRY - checkMessages
ENTRY - updateRing
ENTRY - getMembershipList
ENTRY - checkMessages
ENTRY - updateRing
ENTRY - getMembershipList
ENTRY - checkMessages
ENTRY - updateRing
ENTRY - getMembershipList
ENTRY - checkMessages
ENTRY - updateRing
ENTRY - getMembershipList
ENTRY - checkMessages
ENTRY - updateRing
ENTRY - getMembershipList
ENTRY - checkMessages
ENTRY - updateRing
ENTRY - getMembershipList
ENTRY - checkMessages
ENTRY - updateRing
ENTRY - getMembershipList
ENTRY - checkMessages
ENTRY - updateRing
ENTRY - getMembershipList
ENTRY - checkMessages
ENTRY - updateRing
ENTRY - getMembershipList
ENTRY - checkMessages
ENTRY - updateRing
ENTRY - getMembershipList
ENTRY - checkMessages
ENTRY - updateRing
ENTRY - getMembershipList
ENTRY - checkMessages
ENTRY - updateRing
ENTRY - getMembershipList
ENTRY - checkMessages
ENTRY - updateRing
ENTRY - getMembershipList
ENTRY - checkMessages
ENTRY - updateRing
ENTRY - getMembershipList
ENTRY - checkMessages
ENTRY - updateRing
ENTRY - getMembershipList
ENTRY - checkMessages
ENTRY - updateRing
ENTRY - getMembershipList
ENTRY - checkMessages
ENTRY - updateRing
ENTRY - getMembershipList
ENTRY - checkMessages
ENTRY - updateRing
ENTRY - getMembershipList
ENTRY - checkMessages
ENTRY - updateRing
ENTRY - getMembershipList
ENTRY - checkMessages
ENTRY - updateRing
ENTRY - getMembershipList
ENTRY - checkMessages
ENTRY - updateRing
ENTRY - getMembershipList
ENTRY - checkMessages
ENTRY - updateRing
ENTRY - getMembershipList
ENTRY - checkMessages
ENTRY - updateRing
ENTRY - getMembershipList
ENTRY - checkMessages
ENTRY - updateRing
ENTRY - getMembershipList
ENTRY - checkMessages
ENTRY - updateRing
ENTRY - getMembershipList
ENTRY - checkMessages
ENTRY - updateRing
ENTRY - getMembershipList
ENTRY - checkMessages
ENTRY - updateRing
ENTRY - getMembershipList
ENTRY - checkMessages
ENTRY - updateRing
ENTRY - getMembershipList
ENTRY - checkMessages
ENTRY - updateRing
ENTRY - getMembershipList
ENTRY - checkMessages
ENTRY - updateRing
ENTRY - getMembershipList
ENTRY - checkMessages
ENTRY - updateRing
ENTRY - getMembershipList
ENTRY - checkMessages
ENTRY - updateRing
ENTRY - getMembershipList
ENTRY - checkMessages
ENTRY - updateRing
ENTRY - getMembershipList
ENTRY - checkMessages
ENTRY - updateRing
ENTRY - getMembershipList
ENTRY - checkMessages
ENTRY - updateRing
ENTRY - getMembershipList
ENTRY - checkMessages
ENTRY - updateRing
ENTRY - getMembershipList
ENTRY - checkMessages
ENTRY - updateRing
ENTRY - getMembershipList
ENTRY - checkMessages
ENTRY - updateRing
ENTRY - getMembershipList
ENTRY - checkMessages
ENTRY - updateRing
ENTRY - getMembershipList
ENTRY - checkMessages
ENTRY - updateRing
ENTRY - getMembershipList
ENTRY - checkMessages
ENTRY - updateRing
ENTRY - getMembershipList
ENTRY - checkMessages
ENTRY - updateRing
ENTRY - getMembershipList
ENTRY - checkMessages
ENTRY - clientCreate
ENTRY - clientCreate
ENTRY - clientCreate
ENTRY - clientCreate
ENTRY - clientCreate
ENTRY - updateRing
ENTRY - getMembershipList
ENTRY - checkMessages
ENTRY - createKeyValENTRY - checkMessages
ENTRY - createKeyValue
ENTRY - createKeyValue
ENTRY - Leaving checkMessages
ENTRY - ENTRY - updateRing
ENTRY - getMembershipList
ENTRY - checkMessages
ENTRY - updateRing
ENTRY - getMembershipList
ENTRY - checkMessages
ENTRY - updateRing
ENTRY - getMembershipList
ENTRY - checkMessages
ENTRY - updateRing
ENTRY - getMembershipList
ENTRY - checkMessages
ENTRY - updateRing
ENTRY - getMembershipList
ENTRY - checkMessages
ENTRY - updateRing
ENTRY - getMembershipList
ENTRY - checkMessages
ENTRY - updateRing
ENTRY - getMembershipList
ENTRY - checkMessages
ENTRY - updateRing
ENTRY - getMembershipList
ENTRY - checkMessages
ENTRY - updateRing
ENTRY - getMembershipList
ENTRY - checkMessages
ENTRY - updateRing
ENTRY - getMembershipList
ENTRY - checkMessages
ENTRY - updateRing
ENTRY - getMembershipList
ENTRY - checkMessages
ENTRY - updateRing
ENTRY - getMembershipList
ENTRY - checkMessages
ENTRY - updateRing
ENTRY - getMembershipList
ENTRY - checkMessages
ENTRY - updateRing
ENTRY - getMembershipList
ENTRY - checkMessages
ENTRY - updateRing
ENTRY - getMembershipList
ENTRY - checkMessages
ENTRY - updateRing
ENTRY - getMembershipList
ENTRY - checkMessages
ENTRY - updateRing
ENTRY - getMembershipList
ENTRY - checkMessages
ENTRY - updateRing
ENTRY - getMembershipList
ENTRY - checkMessages
ENTRY - updateRing
ENTRY - getMembershipList
ENTRY - checkMessages
ENTRY - updateRing
ENTRY - getMembershipList
ENTRY - checkMessages
ENTRY - updateRing
ENTRY - getMembershipList
ENTRY - checkMessages
ENTRY - updateRing
ENTRY - getMembershipList
ENTRY - checkMessages
ENTRY - updateRing
ENTRY - getMembershipList
ENTRY - checkMessages
ENTRY - updateRing
ENTRY - getMembershipList
ENTRY - checkMessages
ENTRY - updateRing
ENTRY - getMembershipList
ENTRY - checkMessages
ENTRY - updateRing
ENTRY - getMembershipList
ENTRY - checkMessages
ENTRY - updateRing
ENTRY - getMembershipList
ENTRY - checkMessages
ENTRY - updateRing
ENTRY - getMembershipList
ENTRY - checkMessages
ENTRY - updateRing
ENTRY - getMembershipList
ENTRY - checkMessages
ENTRY - updateRing
ENTRY - getMembershipList
ENTRY - checkMessages
ENTRY - updateRing
ENTRY - getMembershipList
ENTRY - checkMessages
ENTRY - updateRing
ENTRY - getMembershipList
ENTRY - checkMessages
ENTRY - updateRing
ENTRY - getMembershipList
ENTRY - checkMessages
ENTRY - updateRing
ENTRY - getMembershipList
ENTRY - checkMessages
ENTRY - updateRing
ENTRY - getMembershipList
ENTRY - checkMessages
ENTRY - updateRing
ENTRY - getMembershipList
ENTRY - checkMessages
ENTRY - updateRing
ENTRY - getMembershipList
ENTRY - checkMessages
ENTRY - updateRing
ENTRY - getMembershipList
ENTRY - checkMessages
ENTRY - updateRing
ENTRY - getMembershipList
ENTRY - checkMessages
ENTRY - updateRing
ENTRY - getMembershipList
ENTRY - checkMessages
ENTRY - updateRing
ENTRY - getMembershipList
ENTRY - checkMessages
ENTRY - updateRing
ENTRY - getMembershipList
ENTRY - checkMessages
ENTRY - updateRing
ENTRY - getMembershipList
ENTRY - checkMessages
ENTRY - updateRing
ENTRY - getMembershipList
ENTRY - checkMessages
ENTRY - updateRing
ENTRY - getMembershipList
ENTRY - checkMessages
ENTRY - updateRing
ENTRY - getMembershipList
ENTRY - checkMessages
ENTRY - updateRing
ENTRY - getMembershipList
ENTRY - checkMessages
ENTRY - updateRing
ENTRY - getMembershipList
ENTRY - checkMessages
ENTRY - updateRing
ENTRY - getMembershipList
ENTRY - checkMessages
List
ENTRY - checkMessages
ENTRY - updateRing
ENTRY - getMembershipList
ENTRY - checkMessages
ENTRY - updateRing
ENTRY - getMembershipList
ENTRY - checkMessages
ENTRY - updateRing
ENTRY - getMembershipList
ENTRY - checkMessages
checkMessages
ENTRY - updateRing
ENTRY - getMembershipList
ENTRY - checkMessages
ENTRY - updateRing
ENTRY - getMembershipList
ENTRY - checkMessages
ENTRY - updateRing
ENTRY - getMembershipList
ENTRY - checkMessages
ENTRY - updateRing
ENTRY - getMembershipList
ENTRY - checkMessages
ENTRY - updateRing
ENTRY - getMembershipList
ENTRY - checkMessages
ENTRY - updateRing
ENTRY - getMembershipList
ENTRY - checkMessages
ENTRY - updateRing
ENTRY - getMembershipList
ENTRY - checkMessages
ENTRY - updateRing
ENTRY - getMembershipList
ENTRY - checkMessages
ENTRY - updateRing
ENTRY - getMembershipList
ENTRY - checkMessages
ENTRY - updateRing
ENTRY - getMembershipList
ENTRY - checkMessages
ENTRY - updateRing
ENTRY - getMembershipList
ENTRY - checkMessages
ENTRY - updateRing
ENTRY - getMembershipList
ENTRY - checkMessages
ENTRY - updateRing
ENTRY - getMembershipList
ENTRY - checkMessages
ENTRY - updateRing
ENTRY - getMembershipList
ENTRY - checkMessages
ENTRY - updateRing
ENTRY - getMembershipList
ENTRY - checkMessages
ENTRY - updateRing
ENTRY - getMembershipList
ENTRY - checkMessages
ENTRY - updateRing
ENTRY - getMembershipList
ENTRY - checkMessages
Y - updateRing
ENTRY - getMembershipList
ENTRY - checkMessages
g
ENTRY - getMembershipList
ENTRY - checkMessages
ENTRY - updateRing
ENTRY - getMembershipList
ENTRY - checkMessages
ENTRY - updateRing
ENTRY - getMembershipList
ENTRY - checkMessages
ENTRY - updateRing
ENTRY - getMembershipList
ENTRY - checkMessages
ENTRY - updateRing
ENTRY - getMembershipList
ENTRY - checkMessages
ENTRY - updateRing
ENTRY - getMembershipList
ENTRY - checkMessages
ENTRY - updateRing
ENTRY - getMembershipList
ENTRY - checkMessages
ENTRY - updateRing
ENTRY - getMembershipList
ENTRY - checkMessages

ENTRY - updateRing
ENTRY - getMembershipList
ENTRY - checkMessages
bershipList
ENTRY - checkMessages
ENTRY - updateRing
ENTRY - getMembershipList
ENTRY - checkMessages
ENTRY - updateRing
ENTRY - getMembershipList
ENTRY - checkMessages
ENTRY - updateRing
ENTRY - getMembershipList
ENTRY - checkMessages
ENTRY - updateRing
ENTRY - getMembershipList
ENTRY - checkMessages
ENTRY - updateRing
ENTRY - getMembershipList
ENTRY - checkMessages
ENTRY - updateRing
ENTRY - getMembershipList
ENTRY - checkMessages
ENTRY - updateRing
ENTRY - getMembershipList
ENTRY - checkMessages
Y - updateRing
ENTRY - getMembershipList
ENTRY - checkMessages
ENTRY - updateRing
ENTRY - getMembershipList
ENTRY - checkMessages
ENTRY - updateRing
ENTRY - getMembershipList
ENTRY - checkMessages
ENTRY - updateRing
ENTRY - getMembershipList
ENTRY - checkMessages
ENTRY - updateRing
ENTRY - getMembershipList
ENTRY - checkMessages
ENTRY - updateRing
ENTRY - getMembershipList
ENTRY - checkMessages
ENTRY - updateRing
ENTRY - getMembershipList
ENTRY - checkMessages
ENTRY - updateRing
ENTRY - getMembershipList
ENTRY - checkMessages
ENTRY - updateRing
ENTRY - getMembershipList
ENTRY - checkMessages
ENTRY - updateRing
ENTRY - getMembershipList
ENTRY - checkMessages
ENTRY - updateRing
ENTRY - getMembershipList
ENTRY - checkMessages
ENTRY - updateRing
ENTRY - getMembershipList
ENTRY - checkMessages
ENTRY - updateRing
ENTRY - getMembershipList
ENTRY - checkMessages
ENTRY - updateRing
ENTRY - getMembershipList
ENTRY - checkMessages
ENTRY - updateRing
ENTRY - getMembershipList
ENTRY - checkMessages
ENTRY - updateRing
ENTRY - getMembershipList
ENTRY - checkMessages
ENTRY - updateRing
ENTRY - getMembershipList
ENTRY - checkMessages
- updateRing
ENTRY - getMembershipList
ENTRY - checkMessages
ENTRY - updateRing
ENTRY - getMembershipList
ENTRY - checkMessages
ENTRY - updateRing
ENTRY - getMembershipList
ENTRY - checkMessages
ENTRY - updateRing
ENTRY - getMembershipList
ENTRY - checkMessages
ENTRY - updateRing
ENTRY - getMembershipList
ENTRY - checkMessages
ENTRY - updateRing
ENTRY - getMembershipList
ENTRY - checkMessages
ENTRY - updateRing
ENTRY - getMembershipList
ENTRY - checkMessages
ENTRY - updateRing
ENTRY - getMembershipList
ENTRY - checkMessages
ENTRY - updateRing
ENTRY - getMembershipList
ENTRY - checkMessages
ENTRY - updateRing
ENTRY - getMembershipList
ENTRY - checkMessages
ENTRY - updateRing
ENTRY - getMembershipList
ENTRY - checkMessages
ges
ENTRY - updateRing
ENTRY - getMembershipList
ENTRY - checkMessages
ENTRY - updateRing
ENTRY - getMembershipList
ENTRY - checkMessages
ENTRY - updateRing
ENTRY - getMembershipList
ENTRY - checkMessages
ENTRY - updateRing
ENTRY - getMembershipList
ENTRY - checkMessages
ENTRY - updateRing
ENTRY - getMembershipList
ENTRY - checkMessages
ENTRY - updateRing
ENTRY - getMembershipList
ENTRY - checkMessages
ENTRY - updateRing
ENTRY - getMembershipList
ENTRY - checkMessages
ENTRY - updateRing
ENTRY - getMembershipList
ENTRY - checkMessages
